Started GET "/" for 127.0.0.1 at 2018-03-20 18:39:18 +0800
Processing by LoginController#index as HTML
  Rendering login/index.html.erb within layouts/application
  Rendered login/index.html.erb within layouts/application (12814.1ms)
Completed 200 OK in 13214ms (Views: 13023.1ms)


  [1m[35m (0.1ms)[0m  [1m[34mSELECT sqlite_version(*)[0m
  [1m[35m (1.5ms)[0m  [1m[35mCREATE TABLE "schema_migrations" ("version" varchar NOT NULL PRIMARY KEY)[0m
  [1m[35m (0.9ms)[0m  [1m[35mCREATE TABLE "ar_internal_metadata" ("key" varchar NOT NULL PRIMARY KEY, "value" varchar, "created_at" datetime NOT NULL, "updated_at" datetime NOT NULL)[0m
  [1m[35m (0.2ms)[0m  [1m[34mSELECT "schema_migrations"."version" FROM "schema_migrations" ORDER BY "schema_migrations"."version" ASC[0m
Migrating to CreateUsers (20180320104443)
  [1m[35m (0.1ms)[0m  [1m[36mbegin transaction[0m
  [1m[35m (0.4ms)[0m  [1m[35mCREATE TABLE "users" ("id" INTEGER PRIMARY KEY AUTOINCREMENT NOT NULL, "email" text, "username" text, "password" text, "first_name" text, "last_name" text, "phone" text, "created_at" datetime NOT NULL, "updated_at" datetime NOT NULL)[0m
  [1m[35mSQL (0.2ms)[0m  [1m[32mINSERT INTO "schema_migrations" ("version") VALUES (?)[0m  [["version", "20180320104443"]]
  [1m[35m (0.8ms)[0m  [1m[36mcommit transaction[0m
  [1m[36mActiveRecord::InternalMetadata Load (0.1ms)[0m  [1m[34mSELECT  "ar_internal_metadata".* FROM "ar_internal_metadata" WHERE "ar_internal_metadata"."key" = ? LIMIT ?[0m  [["key", "environment"], ["LIMIT", 1]]
  [1m[35m (0.1ms)[0m  [1m[36mbegin transaction[0m
  [1m[35mSQL (0.4ms)[0m  [1m[32mINSERT INTO "ar_internal_metadata" ("key", "value", "created_at", "updated_at") VALUES (?, ?, ?, ?)[0m  [["key", "environment"], ["value", "development"], ["created_at", "2018-03-20 10:44:58.844125"], ["updated_at", "2018-03-20 10:44:58.844125"]]
  [1m[35m (0.8ms)[0m  [1m[36mcommit transaction[0m
  [1m[35m (0.1ms)[0m  [1m[34mSELECT "schema_migrations"."version" FROM "schema_migrations" ORDER BY "schema_migrations"."version" ASC[0m
  [1m[35m (0.4ms)[0m  [1m[34mSELECT "schema_migrations"."version" FROM "schema_migrations" ORDER BY "schema_migrations"."version" ASC[0m
Migrating to CreateScripts (20180320104602)
  [1m[35m (0.1ms)[0m  [1m[36mbegin transaction[0m
  [1m[35m (0.1ms)[0m  [1m[34mSELECT sqlite_version(*)[0m
  [1m[35m (0.6ms)[0m  [1m[35mCREATE TABLE "scripts" ("id" INTEGER PRIMARY KEY AUTOINCREMENT NOT NULL, "script_name" text, "user_id" integer, "created_at" datetime NOT NULL, "updated_at" datetime NOT NULL)[0m
  [1m[35mSQL (0.5ms)[0m  [1m[32mINSERT INTO "schema_migrations" ("version") VALUES (?)[0m  [["version", "20180320104602"]]
  [1m[35m (0.7ms)[0m  [1m[36mcommit transaction[0m
  [1m[36mActiveRecord::InternalMetadata Load (1.0ms)[0m  [1m[34mSELECT  "ar_internal_metadata".* FROM "ar_internal_metadata" WHERE "ar_internal_metadata"."key" = ? LIMIT ?[0m  [["key", "environment"], ["LIMIT", 1]]
  [1m[35m (0.2ms)[0m  [1m[36mbegin transaction[0m
  [1m[35m (0.2ms)[0m  [1m[36mcommit transaction[0m
  [1m[35m (0.1ms)[0m  [1m[34mSELECT "schema_migrations"."version" FROM "schema_migrations" ORDER BY "schema_migrations"."version" ASC[0m
  [1m[35m (0.5ms)[0m  [1m[34mSELECT "schema_migrations"."version" FROM "schema_migrations" ORDER BY "schema_migrations"."version" ASC[0m
Migrating to CreateNotes (20180320104719)
  [1m[35m (0.1ms)[0m  [1m[36mbegin transaction[0m
  [1m[35m (0.1ms)[0m  [1m[34mSELECT sqlite_version(*)[0m
  [1m[35m (0.4ms)[0m  [1m[35mCREATE TABLE "notes" ("id" INTEGER PRIMARY KEY AUTOINCREMENT NOT NULL, "script_id" integer, "user_id" integer, "note_content" text, "created_at" datetime NOT NULL, "updated_at" datetime NOT NULL)[0m
  [1m[35mSQL (0.5ms)[0m  [1m[32mINSERT INTO "schema_migrations" ("version") VALUES (?)[0m  [["version", "20180320104719"]]
  [1m[35m (1.0ms)[0m  [1m[36mcommit transaction[0m
  [1m[36mActiveRecord::InternalMetadata Load (1.4ms)[0m  [1m[34mSELECT  "ar_internal_metadata".* FROM "ar_internal_metadata" WHERE "ar_internal_metadata"."key" = ? LIMIT ?[0m  [["key", "environment"], ["LIMIT", 1]]
  [1m[35m (1.8ms)[0m  [1m[36mbegin transaction[0m
  [1m[35m (0.1ms)[0m  [1m[36mcommit transaction[0m
  [1m[35m (0.2ms)[0m  [1m[34mSELECT "schema_migrations"."version" FROM "schema_migrations" ORDER BY "schema_migrations"."version" ASC[0m
Started GET "/users" for 127.0.0.1 at 2018-03-23 17:17:24 -0500
  [1m[35m (0.4ms)[0m  [1m[34mSELECT "schema_migrations"."version" FROM "schema_migrations" ORDER BY "schema_migrations"."version" ASC[0m
Processing by UsersController#index as HTML
  Rendering users/index.html.erb within layouts/application
  [1m[36mUser Load (0.2ms)[0m  [1m[34mSELECT "users".* FROM "users"[0m
  Rendered users/index.html.erb within layouts/application (15.9ms)
Started GET "/" for 127.0.0.1 at 2018-03-23 17:17:43 -0500
Completed 200 OK in 17993ms (Views: 17947.8ms | ActiveRecord: 0.9ms)


Processing by LoginController#index as HTML
  Rendering login/index.html.erb within layouts/application
  Rendered login/index.html.erb within layouts/application (4.2ms)
Completed 200 OK in 181ms (Views: 174.0ms | ActiveRecord: 0.0ms)


Started GET "/plays/index" for 127.0.0.1 at 2018-03-23 17:17:47 -0500
Processing by PlaysController#index as HTML
  Rendering plays/index.html.erb within layouts/application
  Rendered plays/index.html.erb within layouts/application (11.0ms)
Completed 200 OK in 932ms (Views: 125.8ms | ActiveRecord: 0.0ms)


Started GET "/users" for 127.0.0.1 at 2018-03-23 17:17:55 -0500
Processing by UsersController#index as HTML
  Rendering users/index.html.erb within layouts/application
  [1m[36mUser Load (0.7ms)[0m  [1m[34mSELECT "users".* FROM "users"[0m
  Rendered users/index.html.erb within layouts/application (4.2ms)
Completed 200 OK in 144ms (Views: 134.1ms | ActiveRecord: 0.7ms)


Started GET "/plays/index" for 127.0.0.1 at 2018-03-23 17:18:00 -0500
Processing by PlaysController#index as HTML
  Rendering plays/index.html.erb within layouts/application
  Rendered plays/index.html.erb within layouts/application (3.7ms)
Completed 200 OK in 884ms (Views: 244.5ms | ActiveRecord: 0.0ms)


Started GET "/users" for 127.0.0.1 at 2018-03-23 17:28:02 -0500
Processing by UsersController#index as HTML
  Rendering users/index.html.erb within layouts/application
  [1m[36mUser Load (0.2ms)[0m  [1m[34mSELECT "users".* FROM "users"[0m
  Rendered users/index.html.erb within layouts/application (2.2ms)
Completed 200 OK in 344ms (Views: 334.4ms | ActiveRecord: 0.2ms)


Started GET "/users/new" for 127.0.0.1 at 2018-03-23 17:28:05 -0500
Processing by UsersController#new as HTML
  Rendering users/new.html.erb within layouts/application
  Rendered users/_form.html.erb (66.9ms)
  Rendered users/new.html.erb within layouts/application (73.9ms)
Completed 200 OK in 229ms (Views: 167.1ms | ActiveRecord: 2.0ms)


Started POST "/users" for 127.0.0.1 at 2018-03-23 17:29:47 -0500
Processing by UsersController#create as HTML
  Parameters: {"utf8"=>"✓", "authenticity_token"=>"vJbm5LiIKXPPgTrGp5n12fCJ55XPOsYzFejmvj5Vsu43hdmENpVqY8BDe+jt5MEzoxvc5/0Hs+rJZ3/PC4Pgxw==", "user"=>{"email"=>"fakeemail@gmail.com", "username"=>"fakeusername", "password"=>"[FILTERED]", "first_name"=>"fake", "last_name"=>"name", "phone"=>"fakenumber"}, "commit"=>"Create User"}
  [1m[35m (0.1ms)[0m  [1m[36mbegin transaction[0m
  [1m[35mSQL (0.6ms)[0m  [1m[32mINSERT INTO "users" ("email", "username", "password", "first_name", "last_name", "phone", "created_at", "updated_at") VALUES (?, ?, ?, ?, ?, ?, ?, ?)[0m  [["email", "fakeemail@gmail.com"], ["username", "fakeusername"], ["password", "fakepassword"], ["first_name", "fake"], ["last_name", "name"], ["phone", "fakenumber"], ["created_at", "2018-03-23 22:29:47.296805"], ["updated_at", "2018-03-23 22:29:47.296805"]]
  [1m[35m (1.1ms)[0m  [1m[36mcommit transaction[0m
Redirected to http://localhost:3000/users/1
Completed 302 Found in 12ms (ActiveRecord: 1.8ms)


Started GET "/users/1" for 127.0.0.1 at 2018-03-23 17:29:47 -0500
Processing by UsersController#show as HTML
  Parameters: {"id"=>"1"}
  [1m[36mUser Load (0.2ms)[0m  [1m[34mSELECT  "users".* FROM "users" WHERE "users"."id" = ? LIMIT ?[0m  [["id", 1], ["LIMIT", 1]]
  Rendering users/show.html.erb within layouts/application
  Rendered users/show.html.erb within layouts/application (1.0ms)
Completed 200 OK in 118ms (Views: 101.6ms | ActiveRecord: 0.2ms)


Started GET "/users" for 127.0.0.1 at 2018-03-23 17:29:54 -0500
Processing by UsersController#index as HTML
  Rendering users/index.html.erb within layouts/application
  [1m[36mUser Load (0.1ms)[0m  [1m[34mSELECT "users".* FROM "users"[0m
  Rendered users/index.html.erb within layouts/application (1.3ms)
Completed 200 OK in 108ms (Views: 102.5ms | ActiveRecord: 0.1ms)


Started GET "/plays/index" for 127.0.0.1 at 2018-03-23 17:31:45 -0500
Processing by PlaysController#index as HTML
  Rendering plays/index.html.erb within layouts/application
  Rendered plays/index.html.erb within layouts/application (2.8ms)
Completed 200 OK in 654ms (Views: 79.6ms | ActiveRecord: 0.0ms)


Started GET "/plays/index" for 127.0.0.1 at 2018-03-23 17:32:10 -0500
  [1m[35m (0.4ms)[0m  [1m[34mSELECT "schema_migrations"."version" FROM "schema_migrations" ORDER BY "schema_migrations"."version" ASC[0m
Processing by PlaysController#index as HTML
  Rendering plays/index.html.erb within layouts/application
  Rendered plays/index.html.erb within layouts/application (552.4ms)
Completed 200 OK in 1802ms (Views: 740.2ms | ActiveRecord: 0.0ms)


Started GET "/plays/index" for 127.0.0.1 at 2018-03-23 17:32:24 -0500
Processing by PlaysController#index as HTML
  Rendering plays/index.html.erb within layouts/application
  Rendered plays/index.html.erb within layouts/application (10.9ms)
Completed 200 OK in 675ms (Views: 140.6ms | ActiveRecord: 0.0ms)


Started GET "/plays/index" for 127.0.0.1 at 2018-03-23 17:32:50 -0500
Processing by PlaysController#index as HTML
  Rendering plays/index.html.erb within layouts/application
  Rendered plays/index.html.erb within layouts/application (2.6ms)
Completed 200 OK in 495ms (Views: 100.9ms)


Started POST "/plays/upload" for 127.0.0.1 at 2018-03-23 17:33:51 -0500
Processing by PlaysController#upload as HTML
  Parameters: {"utf8"=>"✓", "authenticity_token"=>"qsr2D9ttVew2fXTx392rGX4bxuSqKlJanGLU+4wW1nbmmDR0bdXaqiP0Aduv3PRq67TaMSevojFfVqd/7v71/A==", "q"=>"Hello", "commit"=>"Upload"}
No template found for PlaysController#upload, rendering head :no_content
Completed 204 No Content in 390ms


Started GET "/plays/index" for 127.0.0.1 at 2018-03-23 17:33:59 -0500
Processing by PlaysController#index as HTML
  Rendering plays/index.html.erb within layouts/application
  Rendered plays/index.html.erb within layouts/application (3.4ms)
Completed 200 OK in 579ms (Views: 117.0ms)


Started GET "/plays/index" for 127.0.0.1 at 2018-03-23 17:53:42 -0500
  [1m[35m (1.1ms)[0m  [1m[34mSELECT "schema_migrations"."version" FROM "schema_migrations" ORDER BY "schema_migrations"."version" ASC[0m
Processing by PlaysController#index as HTML
  Rendering plays/index.html.erb within layouts/application
  Rendered plays/index.html.erb within layouts/application (13620.8ms)
Completed 200 OK in 14392ms (Views: 14015.3ms | ActiveRecord: 0.0ms)


